<?xml version="1.0" encoding="UTF-8"?>
<testng-results ignored="0" total="1" passed="1" failed="0" skipped="0">
  <reporter-output>
  </reporter-output>
  <suite started-at="2022-11-11T20:42:34 IST" name="cucumber.runners.TestNGRunner" finished-at="2022-11-11T20:42:51 IST" duration-ms="16971">
    <groups>
      <group name="cucumber">
        <method signature="AbstractTestNGCucumberTests.runScenario(io.cucumber.testng.PickleWrapper,io.cucumber.testng.FeatureWrapper)[pri:0, instance:cucumber.runners.TestNGRunner@3d121db3]" name="runScenario" class="io.cucumber.testng.AbstractTestNGCucumberTests"/>
      </group> <!-- cucumber -->
    </groups>
    <test started-at="2022-11-11T20:42:34 IST" name="Command line test" finished-at="2022-11-11T20:42:51 IST" duration-ms="16971">
      <class name="cucumber.runners.TestNGRunner">
        <test-method is-config="true" signature="setUpClass(org.testng.ITestContext)[pri:0, instance:cucumber.runners.TestNGRunner@3d121db3]" started-at="2022-11-11T20:42:34 IST" name="setUpClass" finished-at="2022-11-11T20:42:36 IST" duration-ms="1733" status="PASS">
          <params>
            <param index="0">
              <value>
                <![CDATA[org.testng.TestRunner@175581eb]]>
              </value>
            </param>
          </params>
          <reporter-output>
          </reporter-output>
        </test-method> <!-- setUpClass -->
        <test-method signature="runScenario(io.cucumber.testng.PickleWrapper,io.cucumber.testng.FeatureWrapper)[pri:0, instance:cucumber.runners.TestNGRunner@3d121db3]" started-at="2022-11-11T20:42:36 IST" name="runScenario" description="Runs Cucumber Scenarios" data-provider="scenarios" finished-at="2022-11-11T20:42:50 IST" duration-ms="14340" status="PASS">
          <params>
            <param index="0">
              <value>
                <![CDATA["To verify the Homepage in Similac application"]]>
              </value>
            </param>
            <param index="1">
              <value>
                <![CDATA["Similac Homepage feature"]]>
              </value>
            </param>
          </params>
          <reporter-output>
          </reporter-output>
        </test-method> <!-- runScenario -->
        <test-method is-config="true" signature="tearDownClass()[pri:0, instance:cucumber.runners.TestNGRunner@3d121db3]" started-at="2022-11-11T20:42:50 IST" name="tearDownClass" finished-at="2022-11-11T20:42:51 IST" duration-ms="812" status="PASS">
          <reporter-output>
          </reporter-output>
        </test-method> <!-- tearDownClass -->
      </class> <!-- cucumber.runners.TestNGRunner -->
    </test> <!-- Command line test -->
  </suite> <!-- cucumber.runners.TestNGRunner -->
</testng-results>
