<?xml version="1.0" encoding="UTF-8"?>
<testng-results ignored="0" total="1" passed="1" failed="0" skipped="0">
  <reporter-output>
  </reporter-output>
  <suite started-at="2022-11-13T13:00:32 IST" name="cucumber.runners.TestNGRunner" finished-at="2022-11-13T13:00:50 IST" duration-ms="17629">
    <groups>
      <group name="cucumber">
        <method signature="AbstractTestNGCucumberTests.runScenario(io.cucumber.testng.PickleWrapper,io.cucumber.testng.FeatureWrapper)[pri:0, instance:cucumber.runners.TestNGRunner@14d3bc22]" name="runScenario" class="io.cucumber.testng.AbstractTestNGCucumberTests"/>
      </group> <!-- cucumber -->
    </groups>
    <test started-at="2022-11-13T13:00:32 IST" name="Command line test" finished-at="2022-11-13T13:00:50 IST" duration-ms="17629">
      <class name="cucumber.runners.TestNGRunner">
        <test-method is-config="true" signature="setUpClass(org.testng.ITestContext)[pri:0, instance:cucumber.runners.TestNGRunner@14d3bc22]" started-at="2022-11-13T13:00:32 IST" name="setUpClass" finished-at="2022-11-13T13:00:34 IST" duration-ms="1376" status="PASS">
          <params>
            <param index="0">
              <value>
                <![CDATA[org.testng.TestRunner@5bb2fb2b]]>
              </value>
            </param>
          </params>
          <reporter-output>
          </reporter-output>
        </test-method> <!-- setUpClass -->
        <test-method signature="runScenario(io.cucumber.testng.PickleWrapper,io.cucumber.testng.FeatureWrapper)[pri:0, instance:cucumber.runners.TestNGRunner@14d3bc22]" started-at="2022-11-13T13:00:34 IST" name="runScenario" description="Runs Cucumber Scenarios" data-provider="scenarios" finished-at="2022-11-13T13:00:49 IST" duration-ms="15502" status="PASS">
          <params>
            <param index="0">
              <value>
                <![CDATA["To verify the Homepage in Similac application"]]>
              </value>
            </param>
            <param index="1">
              <value>
                <![CDATA["Similac Homepage feature"]]>
              </value>
            </param>
          </params>
          <reporter-output>
          </reporter-output>
        </test-method> <!-- runScenario -->
        <test-method is-config="true" signature="tearDownClass()[pri:0, instance:cucumber.runners.TestNGRunner@14d3bc22]" started-at="2022-11-13T13:00:49 IST" name="tearDownClass" finished-at="2022-11-13T13:00:50 IST" duration-ms="679" status="PASS">
          <reporter-output>
          </reporter-output>
        </test-method> <!-- tearDownClass -->
      </class> <!-- cucumber.runners.TestNGRunner -->
    </test> <!-- Command line test -->
  </suite> <!-- cucumber.runners.TestNGRunner -->
</testng-results>
